This file contains any messages produced by compilers while
running configure, to aid debugging if configure makes a mistake.

It was created by libaacplus configure 2.0.2, which was
generated by GNU Autoconf 2.69.  Invocation command line was

  $ ./configure 

## --------- ##
## Platform. ##
## --------- ##

hostname = pbx
uname -m = x86_64
uname -r = 3.4.12-x86_64-dts
uname -s = Linux
uname -v = #1 SMP PREEMPT Sun Oct 21 05:12:11 SAST 2012

/usr/bin/uname -p = unknown
/bin/uname -X     = unknown

/bin/arch              = x86_64
/usr/bin/arch -k       = unknown
/usr/convex/getsysinfo = unknown
/usr/bin/hostinfo      = unknown
/bin/machine           = unknown
/usr/bin/oslevel       = unknown
/bin/universe          = unknown

PATH: /usr/local/sbin
PATH: /usr/sbin
PATH: /sbin
PATH: /usr/local/bin
PATH: /usr/bin
PATH: /bin
PATH: /usr/X11R7/bin
PATH: /opt/sophos/bin


## ----------- ##
## Core tests. ##
## ----------- ##

configure:2409: checking for a BSD-compatible install
configure:2477: result: /usr/bin/ginstall -c
configure:2488: checking whether build environment is sane
configure:2538: result: yes
configure:2679: checking for a thread-safe mkdir -p
configure:2718: result: /usr/bin/mkdir -p
configure:2731: checking for gawk
configure:2747: found /usr/bin/gawk
configure:2758: result: gawk
configure:2769: checking whether make sets $(MAKE)
configure:2791: result: yes
configure:2924: checking for gcc
configure:2940: found /usr/bin/gcc
configure:2951: result: gcc
configure:3180: checking for C compiler version
configure:3189: gcc --version >&5
gcc (GCC) 4.7.3 20121023 (prerelease)
Copyright (C) 2012 Free Software Foundation, Inc.
This is free software; see the source for copying conditions.  There is NO
warranty; not even for MERCHANTABILITY or FITNESS FOR A PARTICULAR PURPOSE.

configure:3200: $? = 0
configure:3189: gcc -v >&5
Using built-in specs.
COLLECT_GCC=gcc
COLLECT_LTO_WRAPPER=/usr/libexec/gcc/x86_64-pc-linux-gnu/4.7.3/lto-wrapper
Target: x86_64-pc-linux-gnu
Configured with: ./../configure --prefix=/usr/ --sysconfdir=/etc/ --mandir=/usr/share/man --localstatedir=/var --host=x86_64-pc-linux-gnu --build=x86_64-pc-linux-gnu --libdir=/usr/lib64 --with-sysroot=/build/x86_64 --enable-languages=all --with-ecj-jar=/usr/share/java/ecj-4.5.jar --target=x86_64-pc-linux-gnu --with-multilib-list=m32,m64,mx32 CC='x86_64-pc-linux-gnu-gcc -m64 --sysroot=/build/x86_64' CXX='x86_64-pc-linux-gnu-g++ -m64 --sysroot=/build/x86_64'
Thread model: posix
gcc version 4.7.3 20121023 (prerelease) (GCC) 
configure:3200: $? = 0
configure:3189: gcc -V >&5
gcc: error: unrecognized command line option '-V'
gcc: fatal error: no input files
compilation terminated.
configure:3200: $? = 1
configure:3189: gcc -qversion >&5
gcc: error: unrecognized command line option '-qversion'
gcc: fatal error: no input files
compilation terminated.
configure:3200: $? = 1
configure:3220: checking whether the C compiler works
configure:3242: gcc    conftest.c  >&5
configure:3246: $? = 0
configure:3294: result: yes
configure:3297: checking for C compiler default output file name
configure:3299: result: a.out
configure:3305: checking for suffix of executables
configure:3312: gcc -o conftest    conftest.c  >&5
configure:3316: $? = 0
configure:3338: result: 
configure:3360: checking whether we are cross compiling
configure:3368: gcc -o conftest    conftest.c  >&5
configure:3372: $? = 0
configure:3379: ./conftest
configure:3383: $? = 0
configure:3398: result: no
configure:3403: checking for suffix of object files
configure:3425: gcc -c   conftest.c >&5
configure:3429: $? = 0
configure:3450: result: o
configure:3454: checking whether we are using the GNU C compiler
configure:3473: gcc -c   conftest.c >&5
configure:3473: $? = 0
configure:3482: result: yes
configure:3491: checking whether gcc accepts -g
configure:3511: gcc -c -g  conftest.c >&5
configure:3511: $? = 0
configure:3552: result: yes
configure:3569: checking for gcc option to accept ISO C89
configure:3632: gcc  -c -g -O2  conftest.c >&5
configure:3632: $? = 0
configure:3645: result: none needed
configure:3676: checking for style of include used by make
configure:3704: result: GNU
configure:3730: checking dependency style of gcc
configure:3841: result: gcc3
configure:3857: checking whether gcc and cc understand -c and -o together
configure:3888: gcc -c conftest.c -o conftest2.o >&5
configure:3892: $? = 0
configure:3898: gcc -c conftest.c -o conftest2.o >&5
configure:3902: $? = 0
configure:3913: cc -c conftest.c >&5
configure:3917: $? = 0
configure:3925: cc -c conftest.c -o conftest2.o >&5
configure:3929: $? = 0
configure:3935: cc -c conftest.c -o conftest2.o >&5
configure:3939: $? = 0
configure:3957: result: yes
configure:3987: checking how to run the C preprocessor
configure:4018: gcc -E  conftest.c
configure:4018: $? = 0
configure:4032: gcc -E  conftest.c
conftest.c:11:28: fatal error: ac_nonexistent.h: No such file or directory
compilation terminated.
configure:4032: $? = 1
configure: failed program was:
| /* confdefs.h */
| #define PACKAGE_NAME "libaacplus"
| #define PACKAGE_TARNAME "libaacplus"
| #define PACKAGE_VERSION "2.0.2"
| #define PACKAGE_STRING "libaacplus 2.0.2"
| #define PACKAGE_BUGREPORT "Sergiy Guriev <piratfm@ua.fm>"
| #define PACKAGE_URL ""
| #define PACKAGE "libaacplus"
| #define VERSION "2.0.2"
| /* end confdefs.h.  */
| #include <ac_nonexistent.h>
configure:4057: result: gcc -E
configure:4077: gcc -E  conftest.c
configure:4077: $? = 0
configure:4091: gcc -E  conftest.c
conftest.c:11:28: fatal error: ac_nonexistent.h: No such file or directory
compilation terminated.
configure:4091: $? = 1
configure: failed program was:
| /* confdefs.h */
| #define PACKAGE_NAME "libaacplus"
| #define PACKAGE_TARNAME "libaacplus"
| #define PACKAGE_VERSION "2.0.2"
| #define PACKAGE_STRING "libaacplus 2.0.2"
| #define PACKAGE_BUGREPORT "Sergiy Guriev <piratfm@ua.fm>"
| #define PACKAGE_URL ""
| #define PACKAGE "libaacplus"
| #define VERSION "2.0.2"
| /* end confdefs.h.  */
| #include <ac_nonexistent.h>
configure:4120: checking whether ln -s works
configure:4124: result: yes
configure:4131: checking whether make sets $(MAKE)
configure:4153: result: yes
configure:4166: checking build system type
configure:4180: result: x86_64-unknown-linux-gnu
configure:4200: checking host system type
configure:4213: result: x86_64-unknown-linux-gnu
configure:4582: checking how to print strings
configure:4609: result: printf
configure:4630: checking for a sed that does not truncate output
configure:4694: result: /usr/bin/sed
configure:4712: checking for grep that handles long lines and -e
configure:4770: result: /usr/bin/grep
configure:4775: checking for egrep
configure:4837: result: /usr/bin/grep -E
configure:4842: checking for fgrep
configure:4904: result: /usr/bin/grep -F
configure:4939: checking for ld used by gcc
configure:5006: result: /usr/x86_64-pc-linux-gnu/bin/ld
configure:5013: checking if the linker (/usr/x86_64-pc-linux-gnu/bin/ld) is GNU ld
configure:5028: result: yes
configure:5040: checking for BSD- or MS-compatible name lister (nm)
configure:5089: result: /usr/bin/nm -B
configure:5219: checking the name lister (/usr/bin/nm -B) interface
configure:5226: gcc -c -g -O2  conftest.c >&5
configure:5229: /usr/bin/nm -B "conftest.o"
configure:5232: output
0000000000000000 B some_variable
configure:5239: result: BSD nm
configure:5243: checking the maximum length of command line arguments
configure:5373: result: 1572864
configure:5390: checking whether the shell understands some XSI constructs
configure:5400: result: yes
configure:5404: checking whether the shell understands "+="
configure:5410: result: yes
configure:5445: checking how to convert x86_64-unknown-linux-gnu file names to x86_64-unknown-linux-gnu format
configure:5485: result: func_convert_file_noop
configure:5492: checking how to convert x86_64-unknown-linux-gnu file names to toolchain format
configure:5512: result: func_convert_file_noop
configure:5519: checking for /usr/x86_64-pc-linux-gnu/bin/ld option to reload object files
configure:5526: result: -r
configure:5600: checking for objdump
configure:5627: result: objdump
configure:5656: checking how to recognize dependent libraries
configure:5858: result: pass_all
configure:5943: checking for dlltool
configure:5970: result: dlltool
configure:6000: checking how to associate runtime and link libraries
configure:6027: result: printf %s\n
configure:6088: checking for ar
configure:6104: found /usr/bin/ar
configure:6115: result: ar
configure:6152: checking for archiver @FILE support
configure:6169: gcc -c -g -O2  conftest.c >&5
configure:6169: $? = 0
configure:6172: ar cru libconftest.a @conftest.lst >&5
configure:6175: $? = 0
configure:6180: ar cru libconftest.a @conftest.lst >&5
ar: conftest.o: No such file or directory
configure:6183: $? = 1
configure:6195: result: @
configure:6253: checking for strip
configure:6269: found /usr/bin/strip
configure:6280: result: strip
configure:6352: checking for ranlib
configure:6368: found /usr/bin/ranlib
configure:6379: result: ranlib
configure:6481: checking command to parse /usr/bin/nm -B output from gcc object
configure:6601: gcc -c -g -O2  conftest.c >&5
configure:6604: $? = 0
configure:6608: /usr/bin/nm -B conftest.o \| sed -n -e 's/^.*[ ]\([ABCDGIRSTW][ABCDGIRSTW]*\)[ ][ ]*\([_A-Za-z][_A-Za-z0-9]*\)$/\1 \2 \2/p' | sed '/ __gnu_lto/d' \> conftest.nm
configure:6611: $? = 0
configure:6677: gcc -o conftest -g -O2   conftest.c conftstm.o >&5
configure:6680: $? = 0
configure:6718: result: ok
configure:6755: checking for sysroot
configure:6785: result: no
configure:6862: gcc -c -g -O2  conftest.c >&5
configure:6865: $? = 0
configure:7041: checking for mt
configure:7071: result: no
configure:7091: checking if : is a manifest tool
configure:7097: : '-?'
configure:7105: result: no
configure:7743: checking for ANSI C header files
configure:7763: gcc -c -g -O2  conftest.c >&5
configure:7763: $? = 0
configure:7836: gcc -o conftest -g -O2   conftest.c  >&5
configure:7836: $? = 0
configure:7836: ./conftest
configure:7836: $? = 0
configure:7847: result: yes
configure:7860: checking for sys/types.h
configure:7860: gcc -c -g -O2  conftest.c >&5
configure:7860: $? = 0
configure:7860: result: yes
configure:7860: checking for sys/stat.h
configure:7860: gcc -c -g -O2  conftest.c >&5
configure:7860: $? = 0
configure:7860: result: yes
configure:7860: checking for stdlib.h
configure:7860: gcc -c -g -O2  conftest.c >&5
configure:7860: $? = 0
configure:7860: result: yes
configure:7860: checking for string.h
configure:7860: gcc -c -g -O2  conftest.c >&5
configure:7860: $? = 0
configure:7860: result: yes
configure:7860: checking for memory.h
configure:7860: gcc -c -g -O2  conftest.c >&5
configure:7860: $? = 0
configure:7860: result: yes
configure:7860: checking for strings.h
configure:7860: gcc -c -g -O2  conftest.c >&5
configure:7860: $? = 0
configure:7860: result: yes
configure:7860: checking for inttypes.h
configure:7860: gcc -c -g -O2  conftest.c >&5
configure:7860: $? = 0
configure:7860: result: yes
configure:7860: checking for stdint.h
configure:7860: gcc -c -g -O2  conftest.c >&5
configure:7860: $? = 0
configure:7860: result: yes
configure:7860: checking for unistd.h
configure:7860: gcc -c -g -O2  conftest.c >&5
configure:7860: $? = 0
configure:7860: result: yes
configure:7874: checking for dlfcn.h
configure:7874: gcc -c -g -O2  conftest.c >&5
configure:7874: $? = 0
configure:7874: result: yes
configure:8078: checking for objdir
configure:8093: result: .libs
configure:8364: checking if gcc supports -fno-rtti -fno-exceptions
configure:8382: gcc -c -g -O2  -fno-rtti -fno-exceptions conftest.c >&5
cc1: warning: command line option '-fno-rtti' is valid for C++/ObjC++ but not for C [enabled by default]
configure:8386: $? = 0
configure:8399: result: no
configure:8726: checking for gcc option to produce PIC
configure:8733: result: -fPIC -DPIC
configure:8741: checking if gcc PIC flag -fPIC -DPIC works
configure:8759: gcc -c -g -O2  -fPIC -DPIC -DPIC conftest.c >&5
configure:8763: $? = 0
configure:8776: result: yes
configure:8805: checking if gcc static flag -static works
configure:8833: result: yes
configure:8848: checking if gcc supports -c -o file.o
configure:8869: gcc -c -g -O2  -o out/conftest2.o conftest.c >&5
configure:8873: $? = 0
configure:8895: result: yes
configure:8903: checking if gcc supports -c -o file.o
configure:8950: result: yes
configure:8983: checking whether the gcc linker (/usr/x86_64-pc-linux-gnu/bin/ld -m elf_x86_64) supports shared libraries
configure:10136: result: yes
configure:10173: checking whether -lc should be explicitly linked in
configure:10181: gcc -c -g -O2  conftest.c >&5
configure:10184: $? = 0
configure:10199: gcc -shared  -fPIC -DPIC conftest.o  -v -Wl,-soname -Wl,conftest -o conftest 2\>\&1 \| /usr/bin/grep  -lc  \>/dev/null 2\>\&1
configure:10202: $? = 0
configure:10216: result: no
configure:10376: checking dynamic linker characteristics
configure:10887: gcc -o conftest -g -O2   -Wl,-rpath -Wl,/foo conftest.c  >&5
configure:10887: $? = 0
configure:11109: result: GNU/Linux ld.so
configure:11216: checking how to hardcode library paths into programs
configure:11241: result: immediate
configure:11781: checking whether stripping libraries is possible
configure:11786: result: yes
configure:11821: checking if libtool supports shared libraries
configure:11823: result: yes
configure:11826: checking whether to build shared libraries
configure:11847: result: yes
configure:11850: checking whether to build static libraries
configure:11854: result: yes
configure:11893: checking for unzip
configure:11911: found /usr/bin/unzip
configure:11923: result: /usr/bin/unzip
configure:11936: checking for patch
configure:11954: found /usr/bin/patch
configure:11966: result: /usr/bin/patch
configure:11987: checking for /bin/bash
configure:12000: result: yes
configure:12125: checking for parameter expansion string replace capable shell
configure:12141: result: /bin/bash
configure:12167: checking for wget
configure:12185: found /usr/bin/wget
configure:12197: result: /usr/bin/wget
configure:12212: checking for web downloading command
configure:12241: result: /usr/bin/wget -N
configure:12255: checking for library containing sqrt
configure:12286: gcc -o conftest -g -O2   conftest.c  >&5
conftest.c:30:6: warning: conflicting types for built-in function 'sqrt' [enabled by default]
/tmp/ccARbvSR.o: In function `main':
/usr/src/libaacplus/libaacplus-2.0.2/conftest.c:34: undefined reference to `sqrt'
collect2: error: ld returned 1 exit status
configure:12286: $? = 1
configure: failed program was:
| /* confdefs.h */
| #define PACKAGE_NAME "libaacplus"
| #define PACKAGE_TARNAME "libaacplus"
| #define PACKAGE_VERSION "2.0.2"
| #define PACKAGE_STRING "libaacplus 2.0.2"
| #define PACKAGE_BUGREPORT "Sergiy Guriev <piratfm@ua.fm>"
| #define PACKAGE_URL ""
| #define PACKAGE "libaacplus"
| #define VERSION "2.0.2"
| #define STDC_HEADERS 1
| #define HAVE_SYS_TYPES_H 1
| #define HAVE_SYS_STAT_H 1
| #define HAVE_STDLIB_H 1
| #define HAVE_STRING_H 1
| #define HAVE_MEMORY_H 1
| #define HAVE_STRINGS_H 1
| #define HAVE_INTTYPES_H 1
| #define HAVE_STDINT_H 1
| #define HAVE_UNISTD_H 1
| #define HAVE_DLFCN_H 1
| #define LT_OBJDIR ".libs/"
| /* end confdefs.h.  */
| 
| /* Override any GCC internal prototype to avoid an error.
|    Use char because int might match the return type of a GCC
|    builtin and then its argument prototype would still apply.  */
| #ifdef __cplusplus
| extern "C"
| #endif
| char sqrt ();
| int
| main ()
| {
| return sqrt ();
|   ;
|   return 0;
| }
configure:12286: gcc -o conftest -g -O2   conftest.c -lm   >&5
conftest.c:30:6: warning: conflicting types for built-in function 'sqrt' [enabled by default]
configure:12286: $? = 0
configure:12303: result: -lm
configure:12313: checking for ANSI C header files
configure:12417: result: yes
configure:12428: checking float.h usability
configure:12428: gcc -c -g -O2  conftest.c >&5
configure:12428: $? = 0
configure:12428: result: yes
configure:12428: checking float.h presence
configure:12428: gcc -E  conftest.c
configure:12428: $? = 0
configure:12428: result: yes
configure:12428: checking for float.h
configure:12428: result: yes
configure:12428: checking for memory.h
configure:12428: result: yes
configure:12428: checking for stdint.h
configure:12428: result: yes
configure:12428: checking for stdlib.h
configure:12428: result: yes
configure:12428: checking for string.h
configure:12428: result: yes
configure:12444: checking for an ANSI C-conforming const
configure:12510: gcc -c -g -O2  conftest.c >&5
configure:12510: $? = 0
configure:12517: result: yes
configure:12525: checking for int16_t
configure:12525: gcc -c -g -O2  conftest.c >&5
configure:12525: $? = 0
configure:12525: gcc -c -g -O2  conftest.c >&5
conftest.c: In function 'main':
conftest.c:66:12: error: size of array 'test_array' is negative
configure:12525: $? = 1
configure: failed program was:
| /* confdefs.h */
| #define PACKAGE_NAME "libaacplus"
| #define PACKAGE_TARNAME "libaacplus"
| #define PACKAGE_VERSION "2.0.2"
| #define PACKAGE_STRING "libaacplus 2.0.2"
| #define PACKAGE_BUGREPORT "Sergiy Guriev <piratfm@ua.fm>"
| #define PACKAGE_URL ""
| #define PACKAGE "libaacplus"
| #define VERSION "2.0.2"
| #define STDC_HEADERS 1
| #define HAVE_SYS_TYPES_H 1
| #define HAVE_SYS_STAT_H 1
| #define HAVE_STDLIB_H 1
| #define HAVE_STRING_H 1
| #define HAVE_MEMORY_H 1
| #define HAVE_STRINGS_H 1
| #define HAVE_INTTYPES_H 1
| #define HAVE_STDINT_H 1
| #define HAVE_UNISTD_H 1
| #define HAVE_DLFCN_H 1
| #define LT_OBJDIR ".libs/"
| #define STDC_HEADERS 1
| #define HAVE_FLOAT_H 1
| #define HAVE_MEMORY_H 1
| #define HAVE_STDINT_H 1
| #define HAVE_STDLIB_H 1
| #define HAVE_STRING_H 1
| /* end confdefs.h.  */
| #include <stdio.h>
| #ifdef HAVE_SYS_TYPES_H
| # include <sys/types.h>
| #endif
| #ifdef HAVE_SYS_STAT_H
| # include <sys/stat.h>
| #endif
| #ifdef STDC_HEADERS
| # include <stdlib.h>
| # include <stddef.h>
| #else
| # ifdef HAVE_STDLIB_H
| #  include <stdlib.h>
| # endif
| #endif
| #ifdef HAVE_STRING_H
| # if !defined STDC_HEADERS && defined HAVE_MEMORY_H
| #  include <memory.h>
| # endif
| # include <string.h>
| #endif
| #ifdef HAVE_STRINGS_H
| # include <strings.h>
| #endif
| #ifdef HAVE_INTTYPES_H
| # include <inttypes.h>
| #endif
| #ifdef HAVE_STDINT_H
| # include <stdint.h>
| #endif
| #ifdef HAVE_UNISTD_H
| # include <unistd.h>
| #endif
| 	        enum { N = 16 / 2 - 1 };
| int
| main ()
| {
| static int test_array [1 - 2 * !((int16_t) (((((int16_t) 1 << N) << N) - 1) * 2 + 1)
| 		 < (int16_t) (((((int16_t) 1 << N) << N) - 1) * 2 + 2))];
| test_array [0] = 0;
| return test_array [0];
| 
|   ;
|   return 0;
| }
configure:12525: result: yes
configure:12536: checking for int32_t
configure:12536: gcc -c -g -O2  conftest.c >&5
configure:12536: $? = 0
configure:12536: gcc -c -g -O2  conftest.c >&5
conftest.c: In function 'main':
conftest.c:67:53: warning: integer overflow in expression [-Woverflow]
conftest.c:66:12: error: storage size of 'test_array' isn't constant
configure:12536: $? = 1
configure: failed program was:
| /* confdefs.h */
| #define PACKAGE_NAME "libaacplus"
| #define PACKAGE_TARNAME "libaacplus"
| #define PACKAGE_VERSION "2.0.2"
| #define PACKAGE_STRING "libaacplus 2.0.2"
| #define PACKAGE_BUGREPORT "Sergiy Guriev <piratfm@ua.fm>"
| #define PACKAGE_URL ""
| #define PACKAGE "libaacplus"
| #define VERSION "2.0.2"
| #define STDC_HEADERS 1
| #define HAVE_SYS_TYPES_H 1
| #define HAVE_SYS_STAT_H 1
| #define HAVE_STDLIB_H 1
| #define HAVE_STRING_H 1
| #define HAVE_MEMORY_H 1
| #define HAVE_STRINGS_H 1
| #define HAVE_INTTYPES_H 1
| #define HAVE_STDINT_H 1
| #define HAVE_UNISTD_H 1
| #define HAVE_DLFCN_H 1
| #define LT_OBJDIR ".libs/"
| #define STDC_HEADERS 1
| #define HAVE_FLOAT_H 1
| #define HAVE_MEMORY_H 1
| #define HAVE_STDINT_H 1
| #define HAVE_STDLIB_H 1
| #define HAVE_STRING_H 1
| /* end confdefs.h.  */
| #include <stdio.h>
| #ifdef HAVE_SYS_TYPES_H
| # include <sys/types.h>
| #endif
| #ifdef HAVE_SYS_STAT_H
| # include <sys/stat.h>
| #endif
| #ifdef STDC_HEADERS
| # include <stdlib.h>
| # include <stddef.h>
| #else
| # ifdef HAVE_STDLIB_H
| #  include <stdlib.h>
| # endif
| #endif
| #ifdef HAVE_STRING_H
| # if !defined STDC_HEADERS && defined HAVE_MEMORY_H
| #  include <memory.h>
| # endif
| # include <string.h>
| #endif
| #ifdef HAVE_STRINGS_H
| # include <strings.h>
| #endif
| #ifdef HAVE_INTTYPES_H
| # include <inttypes.h>
| #endif
| #ifdef HAVE_STDINT_H
| # include <stdint.h>
| #endif
| #ifdef HAVE_UNISTD_H
| # include <unistd.h>
| #endif
| 	        enum { N = 32 / 2 - 1 };
| int
| main ()
| {
| static int test_array [1 - 2 * !((int32_t) (((((int32_t) 1 << N) << N) - 1) * 2 + 1)
| 		 < (int32_t) (((((int32_t) 1 << N) << N) - 1) * 2 + 2))];
| test_array [0] = 0;
| return test_array [0];
| 
|   ;
|   return 0;
| }
configure:12536: result: yes
configure:12547: checking for int8_t
configure:12547: gcc -c -g -O2  conftest.c >&5
configure:12547: $? = 0
configure:12547: gcc -c -g -O2  conftest.c >&5
conftest.c: In function 'main':
conftest.c:66:12: error: size of array 'test_array' is negative
configure:12547: $? = 1
configure: failed program was:
| /* confdefs.h */
| #define PACKAGE_NAME "libaacplus"
| #define PACKAGE_TARNAME "libaacplus"
| #define PACKAGE_VERSION "2.0.2"
| #define PACKAGE_STRING "libaacplus 2.0.2"
| #define PACKAGE_BUGREPORT "Sergiy Guriev <piratfm@ua.fm>"
| #define PACKAGE_URL ""
| #define PACKAGE "libaacplus"
| #define VERSION "2.0.2"
| #define STDC_HEADERS 1
| #define HAVE_SYS_TYPES_H 1
| #define HAVE_SYS_STAT_H 1
| #define HAVE_STDLIB_H 1
| #define HAVE_STRING_H 1
| #define HAVE_MEMORY_H 1
| #define HAVE_STRINGS_H 1
| #define HAVE_INTTYPES_H 1
| #define HAVE_STDINT_H 1
| #define HAVE_UNISTD_H 1
| #define HAVE_DLFCN_H 1
| #define LT_OBJDIR ".libs/"
| #define STDC_HEADERS 1
| #define HAVE_FLOAT_H 1
| #define HAVE_MEMORY_H 1
| #define HAVE_STDINT_H 1
| #define HAVE_STDLIB_H 1
| #define HAVE_STRING_H 1
| /* end confdefs.h.  */
| #include <stdio.h>
| #ifdef HAVE_SYS_TYPES_H
| # include <sys/types.h>
| #endif
| #ifdef HAVE_SYS_STAT_H
| # include <sys/stat.h>
| #endif
| #ifdef STDC_HEADERS
| # include <stdlib.h>
| # include <stddef.h>
| #else
| # ifdef HAVE_STDLIB_H
| #  include <stdlib.h>
| # endif
| #endif
| #ifdef HAVE_STRING_H
| # if !defined STDC_HEADERS && defined HAVE_MEMORY_H
| #  include <memory.h>
| # endif
| # include <string.h>
| #endif
| #ifdef HAVE_STRINGS_H
| # include <strings.h>
| #endif
| #ifdef HAVE_INTTYPES_H
| # include <inttypes.h>
| #endif
| #ifdef HAVE_STDINT_H
| # include <stdint.h>
| #endif
| #ifdef HAVE_UNISTD_H
| # include <unistd.h>
| #endif
| 	        enum { N = 8 / 2 - 1 };
| int
| main ()
| {
| static int test_array [1 - 2 * !((int8_t) (((((int8_t) 1 << N) << N) - 1) * 2 + 1)
| 		 < (int8_t) (((((int8_t) 1 << N) << N) - 1) * 2 + 2))];
| test_array [0] = 0;
| return test_array [0];
| 
|   ;
|   return 0;
| }
configure:12547: result: yes
configure:12558: checking for uint16_t
configure:12558: gcc -c -g -O2  conftest.c >&5
configure:12558: $? = 0
configure:12558: result: yes
configure:12574: checking for stdlib.h
configure:12574: result: yes
configure:12584: checking for GNU libc compatible malloc
configure:12608: gcc -o conftest -g -O2   conftest.c -lm  >&5
configure:12608: $? = 0
configure:12608: ./conftest
configure:12608: $? = 0
configure:12618: result: yes
configure:12639: checking for working memcmp
configure:12682: gcc -o conftest -g -O2   conftest.c -lm  >&5
configure:12682: $? = 0
configure:12682: ./conftest
configure:12682: $? = 0
configure:12692: result: yes
configure:12704: checking for floor
configure:12704: gcc -o conftest -g -O2   conftest.c -lm  >&5
conftest.c:54:6: warning: conflicting types for built-in function 'floor' [enabled by default]
configure:12704: $? = 0
configure:12704: result: yes
configure:12704: checking for memmove
configure:12704: gcc -o conftest -g -O2   conftest.c -lm  >&5
conftest.c:55:6: warning: conflicting types for built-in function 'memmove' [enabled by default]
configure:12704: $? = 0
configure:12704: result: yes
configure:12704: checking for memset
configure:12704: gcc -o conftest -g -O2   conftest.c -lm  >&5
conftest.c:56:6: warning: conflicting types for built-in function 'memset' [enabled by default]
configure:12704: $? = 0
configure:12704: result: yes
configure:12704: checking for pow
configure:12704: gcc -o conftest -g -O2   conftest.c -lm  >&5
conftest.c:57:6: warning: conflicting types for built-in function 'pow' [enabled by default]
configure:12704: $? = 0
configure:12704: result: yes
configure:12704: checking for sqrt
configure:12704: gcc -o conftest -g -O2   conftest.c -lm  >&5
conftest.c:58:6: warning: conflicting types for built-in function 'sqrt' [enabled by default]
configure:12704: $? = 0
configure:12704: result: yes
configure:12741: checking for fftw3 library at /usr 
configure:12770: WARNING: not found
configure:12773: checking for fftw3 library at /usr/local 
configure:12816: WARNING: not found, building without fftw3
configure:12837: checking for pkg-config
configure:12853: found /usr/bin/pkg-config
configure:12865: result: yes
configure:13045: creating ./config.status

## ---------------------- ##
## Running config.status. ##
## ---------------------- ##

This file was extended by libaacplus config.status 2.0.2, which was
generated by GNU Autoconf 2.69.  Invocation command line was

  CONFIG_FILES    = 
  CONFIG_HEADERS  = 
  CONFIG_LINKS    = 
  CONFIG_COMMANDS = 
  $ ./config.status 

on pbx

config.status:1120: creating aacplus.spec
config.status:1120: creating aacplus-config
config.status:1228: WARNING:  'aacplus-config.in' seems to ignore the --datarootdir setting
config.status:1120: creating aacplus.pc
config.status:1120: creating Makefile
config.status:1120: creating src/Makefile
config.status:1120: creating patches/Makefile
config.status:1120: creating include/Makefile
config.status:1120: creating frontend/Makefile
config.status:1120: creating config.h
config.status:1349: executing depfiles commands
config.status:1349: executing libtool commands

## ---------------- ##
## Cache variables. ##
## ---------------- ##

ac_cv_build=x86_64-unknown-linux-gnu
ac_cv_c_compiler_gnu=yes
ac_cv_c_const=yes
ac_cv_c_int16_t=yes
ac_cv_c_int32_t=yes
ac_cv_c_int8_t=yes
ac_cv_c_uint16_t=yes
ac_cv_downloader_prog='/usr/bin/wget -N'
ac_cv_env_CC_set=
ac_cv_env_CC_value=
ac_cv_env_CFLAGS_set=
ac_cv_env_CFLAGS_value=
ac_cv_env_CPPFLAGS_set=
ac_cv_env_CPPFLAGS_value=
ac_cv_env_CPP_set=
ac_cv_env_CPP_value=
ac_cv_env_LDFLAGS_set=
ac_cv_env_LDFLAGS_value=
ac_cv_env_LIBS_set=
ac_cv_env_LIBS_value=
ac_cv_env_build_alias_set=
ac_cv_env_build_alias_value=
ac_cv_env_host_alias_set=
ac_cv_env_host_alias_value=
ac_cv_env_target_alias_set=
ac_cv_env_target_alias_value=
ac_cv_file__bin_bash=yes
ac_cv_func_floor=yes
ac_cv_func_malloc_0_nonnull=yes
ac_cv_func_memcmp_working=yes
ac_cv_func_memmove=yes
ac_cv_func_memset=yes
ac_cv_func_pow=yes
ac_cv_func_sqrt=yes
ac_cv_header_dlfcn_h=yes
ac_cv_header_float_h=yes
ac_cv_header_inttypes_h=yes
ac_cv_header_memory_h=yes
ac_cv_header_stdc=yes
ac_cv_header_stdint_h=yes
ac_cv_header_stdlib_h=yes
ac_cv_header_string_h=yes
ac_cv_header_strings_h=yes
ac_cv_header_sys_stat_h=yes
ac_cv_header_sys_types_h=yes
ac_cv_header_unistd_h=yes
ac_cv_host=x86_64-unknown-linux-gnu
ac_cv_objext=o
ac_cv_parameter_expansion_string_replace_capable_shell=/bin/bash
ac_cv_path_DOWNLOADER_PROG_CMD=/usr/bin/wget
ac_cv_path_EGREP='/usr/bin/grep -E'
ac_cv_path_FGREP='/usr/bin/grep -F'
ac_cv_path_GREP=/usr/bin/grep
ac_cv_path_PATCH=/usr/bin/patch
ac_cv_path_SED=/usr/bin/sed
ac_cv_path_UNZIP=/usr/bin/unzip
ac_cv_path_install='/usr/bin/ginstall -c'
ac_cv_path_mkdir=/usr/bin/mkdir
ac_cv_prog_AWK=gawk
ac_cv_prog_CPP='gcc -E'
ac_cv_prog_PKGCONFIG=yes
ac_cv_prog_ac_ct_AR=ar
ac_cv_prog_ac_ct_CC=gcc
ac_cv_prog_ac_ct_DLLTOOL=dlltool
ac_cv_prog_ac_ct_OBJDUMP=objdump
ac_cv_prog_ac_ct_RANLIB=ranlib
ac_cv_prog_ac_ct_STRIP=strip
ac_cv_prog_cc_c89=
ac_cv_prog_cc_g=yes
ac_cv_prog_cc_gcc_c_o=yes
ac_cv_prog_make_make_set=yes
ac_cv_search_sqrt=-lm
am_cv_CC_dependencies_compiler_type=gcc3
lt_cv_ar_at_file=@
lt_cv_archive_cmds_need_lc=no
lt_cv_deplibs_check_method=pass_all
lt_cv_file_magic_cmd='$MAGIC_CMD'
lt_cv_file_magic_test_file=
lt_cv_ld_reload_flag=-r
lt_cv_nm_interface='BSD nm'
lt_cv_objdir=.libs
lt_cv_path_LD=/usr/x86_64-pc-linux-gnu/bin/ld
lt_cv_path_NM='/usr/bin/nm -B'
lt_cv_path_mainfest_tool=no
lt_cv_prog_compiler_c_o=yes
lt_cv_prog_compiler_pic='-fPIC -DPIC'
lt_cv_prog_compiler_pic_works=yes
lt_cv_prog_compiler_rtti_exceptions=no
lt_cv_prog_compiler_static_works=yes
lt_cv_prog_gnu_ld=yes
lt_cv_sharedlib_from_linklib_cmd='printf %s\n'
lt_cv_shlibpath_overrides_runpath=no
lt_cv_sys_global_symbol_pipe='sed -n -e '\''s/^.*[	 ]\([ABCDGIRSTW][ABCDGIRSTW]*\)[	 ][	 ]*\([_A-Za-z][_A-Za-z0-9]*\)$/\1 \2 \2/p'\'' | sed '\''/ __gnu_lto/d'\'''
lt_cv_sys_global_symbol_to_c_name_address='sed -n -e '\''s/^: \([^ ]*\)[ ]*$/  {\"\1\", (void *) 0},/p'\'' -e '\''s/^[ABCDGIRSTW]* \([^ ]*\) \([^ ]*\)$/  {"\2", (void *) \&\2},/p'\'''
lt_cv_sys_global_symbol_to_c_name_address_lib_prefix='sed -n -e '\''s/^: \([^ ]*\)[ ]*$/  {\"\1\", (void *) 0},/p'\'' -e '\''s/^[ABCDGIRSTW]* \([^ ]*\) \(lib[^ ]*\)$/  {"\2", (void *) \&\2},/p'\'' -e '\''s/^[ABCDGIRSTW]* \([^ ]*\) \([^ ]*\)$/  {"lib\2", (void *) \&\2},/p'\'''
lt_cv_sys_global_symbol_to_cdecl='sed -n -e '\''s/^T .* \(.*\)$/extern int \1();/p'\'' -e '\''s/^[ABCDGIRSTW]* .* \(.*\)$/extern char \1;/p'\'''
lt_cv_sys_max_cmd_len=1572864
lt_cv_to_host_file_cmd=func_convert_file_noop
lt_cv_to_tool_file_cmd=func_convert_file_noop

## ----------------- ##
## Output variables. ##
## ----------------- ##

AACPLUS_CFLAGS=''
AACPLUS_CPPFLAGS='-I '
AACPLUS_LIBS='-laacplus -lm '
AACPLUS_REQUIRES=''
ACLOCAL='${SHELL} /usr/src/libaacplus/libaacplus-2.0.2/missing --run aclocal-1.11'
AMDEPBACKSLASH='\'
AMDEP_FALSE='#'
AMDEP_TRUE=''
AMTAR='$${TAR-tar}'
AR='ar'
AS='as'
ASH=''
AUTOCONF='${SHELL} /usr/src/libaacplus/libaacplus-2.0.2/missing --run autoconf'
AUTOHEADER='${SHELL} /usr/src/libaacplus/libaacplus-2.0.2/missing --run autoheader'
AUTOMAKE='${SHELL} /usr/src/libaacplus/libaacplus-2.0.2/missing --run automake-1.11'
AWK='gawk'
BASH='/bin/bash'
CC='gcc'
CCDEPMODE='depmode=gcc3'
CFLAGS='-g -O2'
CPP='gcc -E'
CPPFLAGS=''
CYGPATH_W='echo'
DEBUG=''
DEFS='-DHAVE_CONFIG_H'
DEPDIR='.deps'
DLLTOOL='dlltool'
DOWNLOADER_PROG='/usr/bin/wget -N'
DOWNLOADER_PROG_CMD='/usr/bin/wget'
DSYMUTIL=''
DUMPBIN=''
ECHO_C=''
ECHO_N='-n'
ECHO_T=''
EGREP='/usr/bin/grep -E'
EXEEXT=''
FFTW3_CFLAGS=''
FFTW3_INCFLAGS=''
FFTW3_LDFLAGS=''
FFTW3_LIB=''
FGREP='/usr/bin/grep -F'
GREP='/usr/bin/grep'
HAVE_PKGCONFIG_FALSE='#'
HAVE_PKGCONFIG_TRUE=''
INSTALL_DATA='${INSTALL} -m 644'
INSTALL_PROGRAM='${INSTALL}'
INSTALL_SCRIPT='${INSTALL}'
INSTALL_STRIP_PROGRAM='$(install_sh) -c -s'
LD='/usr/x86_64-pc-linux-gnu/bin/ld -m elf_x86_64'
LDFLAGS=''
LIBOBJS=''
LIBS='-lm '
LIBTOOL='$(SHELL) $(top_builddir)/libtool'
LIBTOOL_DEPS='./ltmain.sh'
LIPO=''
LN_S='ln -s'
LTLIBOBJS=''
MAKEINFO='${SHELL} /usr/src/libaacplus/libaacplus-2.0.2/missing --run makeinfo'
MANIFEST_TOOL=':'
MKDIR_P='/usr/bin/mkdir -p'
NM='/usr/bin/nm -B'
NMEDIT=''
OBJDUMP='objdump'
OBJEXT='o'
OPT=''
OTOOL64=''
OTOOL=''
PACKAGE='libaacplus'
PACKAGE_BUGREPORT='Sergiy Guriev <piratfm@ua.fm>'
PACKAGE_NAME='libaacplus'
PACKAGE_STRING='libaacplus 2.0.2'
PACKAGE_TARNAME='libaacplus'
PACKAGE_URL=''
PACKAGE_VERSION='2.0.2'
PARAMETER_EXPANSION_STRING_REPLACE_CAPABLE_SHELL='/bin/bash'
PATCH='/usr/bin/patch'
PATH_SEPARATOR=':'
PKGCONFIG='yes'
PROFILE=''
RANLIB='ranlib'
SED='/usr/bin/sed'
SET_MAKE=''
SHELL='/bin/sh'
STRIP='strip'
UNZIP='/usr/bin/unzip'
VERSION='2.0.2'
ac_ct_AR='ar'
ac_ct_CC='gcc'
ac_ct_DUMPBIN=''
am__EXEEXT_FALSE=''
am__EXEEXT_TRUE='#'
am__fastdepCC_FALSE='#'
am__fastdepCC_TRUE=''
am__include='include'
am__isrc=''
am__leading_dot='.'
am__nodep='_no'
am__quote=''
am__tar='$${TAR-tar} chof - "$$tardir"'
am__untar='$${TAR-tar} xf -'
bindir='${exec_prefix}/bin'
build='x86_64-unknown-linux-gnu'
build_alias=''
build_cpu='x86_64'
build_os='linux-gnu'
build_vendor='unknown'
datadir='${datarootdir}'
datarootdir='${prefix}/share'
docdir='${datarootdir}/doc/${PACKAGE_TARNAME}'
dvidir='${docdir}'
exec_prefix='${prefix}'
host='x86_64-unknown-linux-gnu'
host_alias=''
host_cpu='x86_64'
host_os='linux-gnu'
host_vendor='unknown'
htmldir='${docdir}'
includedir='${prefix}/include'
infodir='${datarootdir}/info'
install_sh='${SHELL} /usr/src/libaacplus/libaacplus-2.0.2/install-sh'
libdir='${exec_prefix}/lib'
libexecdir='${exec_prefix}/libexec'
localedir='${datarootdir}/locale'
localstatedir='${prefix}/var'
mandir='${datarootdir}/man'
mkdir_p='/usr/bin/mkdir -p'
oldincludedir='/usr/include'
pdfdir='${docdir}'
prefix='/usr/local'
program_transform_name='s,x,x,'
psdir='${docdir}'
sbindir='${exec_prefix}/sbin'
sharedstatedir='${prefix}/com'
sysconfdir='${prefix}/etc'
target_alias=''

## ----------- ##
## confdefs.h. ##
## ----------- ##

/* confdefs.h */
#define PACKAGE_NAME "libaacplus"
#define PACKAGE_TARNAME "libaacplus"
#define PACKAGE_VERSION "2.0.2"
#define PACKAGE_STRING "libaacplus 2.0.2"
#define PACKAGE_BUGREPORT "Sergiy Guriev <piratfm@ua.fm>"
#define PACKAGE_URL ""
#define PACKAGE "libaacplus"
#define VERSION "2.0.2"
#define STDC_HEADERS 1
#define HAVE_SYS_TYPES_H 1
#define HAVE_SYS_STAT_H 1
#define HAVE_STDLIB_H 1
#define HAVE_STRING_H 1
#define HAVE_MEMORY_H 1
#define HAVE_STRINGS_H 1
#define HAVE_INTTYPES_H 1
#define HAVE_STDINT_H 1
#define HAVE_UNISTD_H 1
#define HAVE_DLFCN_H 1
#define LT_OBJDIR ".libs/"
#define STDC_HEADERS 1
#define HAVE_FLOAT_H 1
#define HAVE_MEMORY_H 1
#define HAVE_STDINT_H 1
#define HAVE_STDLIB_H 1
#define HAVE_STRING_H 1
#define HAVE_STDLIB_H 1
#define HAVE_MALLOC 1
#define HAVE_FLOOR 1
#define HAVE_MEMMOVE 1
#define HAVE_MEMSET 1
#define HAVE_POW 1
#define HAVE_SQRT 1

configure: exit 0

## ---------------------- ##
## Running config.status. ##
## ---------------------- ##

This file was extended by libaacplus config.status 2.0.2, which was
generated by GNU Autoconf 2.69.  Invocation command line was

  CONFIG_FILES    = 
  CONFIG_HEADERS  = 
  CONFIG_LINKS    = 
  CONFIG_COMMANDS = 
  $ ./config.status config.h

on pbx

config.status:1120: creating config.h
config.status:1301: config.h is unchanged
